2024-09-16 18:02:13.107 +0000 garifullin_vlad_olegovish: Сгенерирован новый UUID: jQUdmkyTif59Lo1bJEtqUSnHaga423ZXERWzpx/NrlbC6QBDNeQhQ6bQllOsUqIeCItBUiqML3m2W8roQofS4rIwMi18VHOn5Q6P2UyD9AtUDUIWpdBggPRxPYgovEMBBYWl4b/TzQ3/hm2WkjoT+ikYL26v5xUKvJ8nQx6Ll1kjiklz7maWPOGQcupD/rJd960YJl0Ylt2JqhE0vTnVxBilAc2eZz9Gjyq0pE4yl+yYxBBR/tMWF8pszX/nV6sNw6g4OoTghIE/04JoSuMzR57c+UTkD7BVnq8Ehg9MUbTq3KrRqyTro3Jicr4a+FfU+y+ozvEGONQC3Zns+75USg==
2024-09-16 18:02:13.109 +0000 : Скрипт ЗАПУЩЕН. Ожидание новых команд...
2024-09-16 18:02:30.348 +0000 garifullin_vlad_olegovish : fkldajfk
2024-09-16 18:02:38.453 +0000 garifullin_vlad_olegovish : ls
2024-09-16 18:02:47.573 +0000 garifullin_vlad_olegovish : cd ~
2024-09-16 18:02:57.698 +0000 garifullin_vlad_olegovish : ls
2024-09-16 18:03:02.761 +0000 garifullin_vlad_olegovish : cd /var
2024-09-16 18:03:04.788 +0000 garifullin_vlad_olegovish : ls
2024-09-16 18:03:31.114 +0000 garifullin_vlad_olegovish : cd log
2024-09-16 18:03:32.129 +0000 garifullin_vlad_olegovish : ls
2024-09-16 18:04:00.476 +0000 garifullin_vlad_olegovish : cat command_history.log
2024-09-16 18:05:46.876 +0000 garifullin_vlad_olegovish : clear
2024-09-16 18:06:20.295 +0000 garifullin_vlad_olegovish : cat command_history.log
2024-09-16 18:23:29.084 +0000 garifullin_vlad_olegovish : while sleep 1; do tput sc; tput cup 0 $(($(tput cols)-29));date;tput rc; done &
2024-09-16 18:23:41.232 +0000 garifullin_vlad_olegovish : ls
2024-09-16 18:23:57.432 +0000 garifullin_vlad_olegovish : cat command_history.log
2024-09-16 18:30:37.957 +0000 garifullin_vlad_olegovish : cp command_history.log firstlog.log
2024-09-16 18:31:07.347 +0000 garifullin_vlad_olegovish : sudo cp commmand_history.log firstlog.log
2024-09-16 18:31:15.457 +0000 garifullin_vlad_olegovish : sudo cp command_history.log firstlog.log
2024-09-16 18:31:19.516 +0000 garifullin_vlad_olegovish : ls
2024-09-16 18:32:04.120 +0000 garifullin_vlad_olegovish : mv firstlog.log /home/PTScript
2024-09-16 18:32:22.377 +0000 garifullin_vlad_olegovish : v firstlog.log /home/PTScript
2024-09-16 18:34:28.108 +0000 garifullin_vlad_olegovish : sudo mv firstlog.log /home/PTScript
2024-09-16 18:34:42.306 +0000 garifullin_vlad_olegovish : cd /home/PTSCript
2024-09-16 18:34:53.460 +0000 garifullin_vlad_olegovish : cd /home/PTScript
2024-09-16 18:35:04.613 +0000 garifullin_vlad_olegovish : cd /
2024-09-16 18:35:05.628 +0000 garifullin_vlad_olegovish : ls
2024-09-16 18:35:20.846 +0000 garifullin_vlad_olegovish : `
2024-09-16 18:35:20.847 +0000 garifullin_vlad_olegovish : 
2024-09-16 18:35:21.873 +0000 garifullin_vlad_olegovish : ls
2024-09-16 18:41:00.263 +0000 garifullin_vlad_olegovish : cd home
2024-09-16 18:41:02.293 +0000 garifullin_vlad_olegovish : ;s
2024-09-16 18:41:03.313 +0000 garifullin_vlad_olegovish : ls
2024-09-16 18:41:39.894 +0000 garifullin_vlad_olegovish : cd garifullin_vlad_ogovish
2024-09-16 18:41:49.026 +0000 garifullin_vlad_olegovish : cd PTScript
2024-09-17 08:54:46.702 +0000 garifullin_vlad_olegovish : cd
2024-09-17 08:54:48.733 +0000 garifullin_vlad_olegovish : ls
2024-09-17 08:54:56.853 +0000 garifullin_vlad_olegovish : cd PTScript
2024-09-17 08:54:57.870 +0000 garifullin_vlad_olegovish : ls
2024-09-17 08:55:54.618 +0000 garifullin_vlad_olegovish : cd /var/log
2024-09-17 08:55:58.677 +0000 garifullin_vlad_olegovish : ls
